0 info it worked if it ends with ok
1 verbose cli [ '/usr/local/bin/node', '/usr/local/bin/npm', 'run', 'build' ]
2 info using npm@3.10.3
3 info using node@v6.4.0
4 verbose run-script [ 'prebuild', 'build', 'postbuild' ]
5 info lifecycle cartfox@1.0.0~prebuild: cartfox@1.0.0
6 verbose lifecycle cartfox@1.0.0~prebuild: unsafe-perm in lifecycle true
7 verbose lifecycle cartfox@1.0.0~prebuild: PATH: /usr/local/lib/node_modules/npm/bin/node-gyp-bin:/Users/allan/Development/cartfox/node_modules/.bin:/usr/local/bin:/Users/allan/.themekit:/usr/local/bin:/usr/bin:/bin:/usr/sbin:/sbin:/Applications/Postgres.app/Contents/Versions/latest/bin
8 verbose lifecycle cartfox@1.0.0~prebuild: CWD: /Users/allan/Development/cartfox
9 silly lifecycle cartfox@1.0.0~prebuild: Args: [ '-c', 'del-cli dist -f' ]
10 silly lifecycle cartfox@1.0.0~prebuild: Returned: code: 0  signal: null
11 info lifecycle cartfox@1.0.0~build: cartfox@1.0.0
12 verbose lifecycle cartfox@1.0.0~build: unsafe-perm in lifecycle true
13 verbose lifecycle cartfox@1.0.0~build: PATH: /usr/local/lib/node_modules/npm/bin/node-gyp-bin:/Users/allan/Development/cartfox/node_modules/.bin:/usr/local/bin:/Users/allan/.themekit:/usr/local/bin:/usr/bin:/bin:/usr/sbin:/sbin:/Applications/Postgres.app/Contents/Versions/latest/bin
14 verbose lifecycle cartfox@1.0.0~build: CWD: /Users/allan/Development/cartfox
15 silly lifecycle cartfox@1.0.0~build: Args: [ '-c', 'webpack' ]
16 silly lifecycle cartfox@1.0.0~build: Returned: code: 2  signal: null
17 info lifecycle cartfox@1.0.0~build: Failed to exec build script
18 verbose stack Error: cartfox@1.0.0 build: `webpack`
18 verbose stack Exit status 2
18 verbose stack     at EventEmitter.<anonymous> (/usr/local/lib/node_modules/npm/lib/utils/lifecycle.js:242:16)
18 verbose stack     at emitTwo (events.js:106:13)
18 verbose stack     at EventEmitter.emit (events.js:191:7)
18 verbose stack     at ChildProcess.<anonymous> (/usr/local/lib/node_modules/npm/lib/utils/spawn.js:40:14)
18 verbose stack     at emitTwo (events.js:106:13)
18 verbose stack     at ChildProcess.emit (events.js:191:7)
18 verbose stack     at maybeClose (internal/child_process.js:852:16)
18 verbose stack     at Process.ChildProcess._handle.onexit (internal/child_process.js:215:5)
19 verbose pkgid cartfox@1.0.0
20 verbose cwd /Users/allan/Development/cartfox
21 error Darwin 16.4.0
22 error argv "/usr/local/bin/node" "/usr/local/bin/npm" "run" "build"
23 error node v6.4.0
24 error npm  v3.10.3
25 error code ELIFECYCLE
26 error cartfox@1.0.0 build: `webpack`
26 error Exit status 2
27 error Failed at the cartfox@1.0.0 build script 'webpack'.
27 error Make sure you have the latest version of node.js and npm installed.
27 error If you do, this is most likely a problem with the cartfox package,
27 error not with npm itself.
27 error Tell the author that this fails on your system:
27 error     webpack
27 error You can get information on how to open an issue for this project with:
27 error     npm bugs cartfox
27 error Or if that isn't available, you can get their info via:
27 error     npm owner ls cartfox
27 error There is likely additional logging output above.
28 verbose exit [ 1, true ]
